[07/06/17, 13:28:35:677] info: ╔═════════════════════════════════════════════════════════════════════════════╗
[07/06/17, 13:28:35:678] info: ║      Slack 2.6.3, linux 4.9.0-3-amd64 on x64 at 07/06/17, 13:28:35:669      ║
[07/06/17, 13:28:35:679] info: ╚═════════════════════════════════════════════════════════════════════════════╝
[07/06/17, 13:28:35:974] info: updateSuspendResume: true
[07/06/17, 13:28:37:622] info: Store: SET_TEAM_IDLE_TIMEOUT
{ timeout: 43200, teamId: 'T024FA1UX' }
[07/06/17, 13:28:38:335] info: Store: SELECT_CHANNEL C024FA1V3
[07/06/17, 13:28:38:379] info: Store: UPDATE_TEAM_THEME
{ theme: 
   { column_bg: '#303E4D',
     menu_bg: '#2C3849',
     active_item: '#6698C8',
     active_item_text: '#FFFFFF',
     hover_item: '#4A5664',
     text_color: '#FFFFFF',
     active_presence: '#94E864',
     badge: '#78AF8F' },
  teamId: 'T024FA1UX' }
[07/06/17, 13:28:39:624] info: Store: UPDATE_TEAM_ICONS
{ icons: 
   { image_34: 'https://s3-us-west-2.amazonaws.com/slack-files2/avatars/2015-06-08/6091297587_8559e024fc48e68ecb8e_34.jpg',
     image_44: 'https://s3-us-west-2.amazonaws.com/slack-files2/avatars/2015-06-08/6091297587_8559e024fc48e68ecb8e_44.jpg',
     image_68: 'https://s3-us-west-2.amazonaws.com/slack-files2/avatars/2015-06-08/6091297587_8559e024fc48e68ecb8e_68.jpg',
     image_88: 'https://s3-us-west-2.amazonaws.com/slack-files2/avatars/2015-06-08/6091297587_8559e024fc48e68ecb8e_88.jpg',
     image_102: 'https://s3-us-west-2.amazonaws.com/slack-files2/avatars/2015-06-08/6091297587_8559e024fc48e68ecb8e_102.jpg',
     image_132: 'https://s3-us-west-2.amazonaws.com/slack-files2/avatars/2015-06-08/6091297587_8559e024fc48e68ecb8e_132.jpg',
     image_original: 'https://s3-us-west-2.amazonaws.com/slack-files2/avatars/2015-06-08/6091297587_8559e024fc48e68ecb8e_original.jpg',
     image_230: 'https://s3-us-west-2.amazonaws.com/slack-files2/avatars/2015-06-08/6091297587_8559e024fc48e68ecb8e_132.jpg' },
  teamId: 'T024FA1UX' }
[07/06/17, 13:28:40:399] info: Raw Locale list: ["C","C.UTF-8","en_US.utf8","POSIX",""]
[07/06/17, 13:28:40:400] info: Filtered Locale list: ["en_US"]
[07/06/17, 13:28:40:401] info: Counts: {"en":["en_US"]}
[07/06/17, 13:28:40:402] info: Setting en
[07/06/17, 13:28:40:403] info: Result: {"en":"en-US"}
[07/06/17, 13:28:40:406] info: Requesting to load en-US, alternatives are ["en-US","en-US","en-US"]
[07/06/17, 13:28:40:408] info: Loading dictionary for language en-US
[07/06/17, 13:28:40:410] info: Actually downloading https://redirector.gvt1.com/edgedl/chrome/dict/en-us-7-1.bdic
[07/06/17, 13:28:40:491] info: Requesting to load en-US, alternatives are ["en-US","en-US","en-US"]
[07/06/17, 13:28:40:492] info: Loading dictionary for language en-US
[07/06/17, 13:28:40:493] info: Actually downloading https://redirector.gvt1.com/edgedl/chrome/dict/en-us-7-1.bdic
[07/06/17, 13:28:41:072] info: Setting current spellchecker to en-US, requested language was en-US
[07/06/17, 13:28:41:073] info: Creating node-spellchecker instance
[07/06/17, 13:28:41:075] info: Actually installing spell check provider to Electron
[07/06/17, 13:28:41:076] info: Setting current spellchecker to en-US, requested language was en-US
[07/06/17, 13:28:58:471] info: Unloading spellchecker
[07/06/17, 13:28:59:477] info: Restoring spellchecker
[07/06/17, 13:28:59:481] info: Loading dictionary for language en-US
[07/06/17, 13:28:59:482] info: Returning local copy: /home/senders/configs/dotfiles/config/Slack/dictionaries/en-US.bdic
[07/06/17, 13:28:59:485] info: Setting current spellchecker to en-US, requested language was en-US
[07/06/17, 13:28:59:486] info: Creating node-spellchecker instance
[07/06/17, 13:29:00:072] info: Unloading spellchecker
[07/06/17, 13:29:00:505] info: Restoring spellchecker
[07/06/17, 13:29:00:506] info: Loading dictionary for language en-US
[07/06/17, 13:29:00:507] info: Returning local copy: /home/senders/configs/dotfiles/config/Slack/dictionaries/en-US.bdic
[07/06/17, 13:29:00:517] info: Setting current spellchecker to en-US, requested language was en-US
[07/06/17, 13:29:00:518] info: Creating node-spellchecker instance
[07/06/17, 13:29:00:727] info: Unloading spellchecker
[07/06/17, 13:30:49:370] info: Restoring spellchecker
[07/06/17, 13:30:49:375] info: Loading dictionary for language en-US
[07/06/17, 13:30:49:378] info: Returning local copy: /home/senders/configs/dotfiles/config/Slack/dictionaries/en-US.bdic
[07/06/17, 13:30:49:390] info: Setting current spellchecker to en-US, requested language was en-US
[07/06/17, 13:30:49:393] info: Creating node-spellchecker instance
[07/06/17, 13:30:49:589] info: Unloading spellchecker
[07/06/17, 13:30:50:993] info: Restoring spellchecker
[07/06/17, 13:30:51:004] info: Loading dictionary for language en-US
[07/06/17, 13:30:51:012] info: Returning local copy: /home/senders/configs/dotfiles/config/Slack/dictionaries/en-US.bdic
[07/06/17, 13:30:51:025] info: Setting current spellchecker to en-US, requested language was en-US
[07/06/17, 13:30:51:027] info: Creating node-spellchecker instance
[07/06/17, 13:30:51:454] info: Unloading spellchecker
[07/06/17, 13:30:52:358] info: Restoring spellchecker
[07/06/17, 13:30:52:369] info: Loading dictionary for language en-US
[07/06/17, 13:30:52:378] info: Returning local copy: /home/senders/configs/dotfiles/config/Slack/dictionaries/en-US.bdic
[07/06/17, 13:30:52:385] info: Setting current spellchecker to en-US, requested language was en-US
[07/06/17, 13:30:52:390] info: Creating node-spellchecker instance
[07/06/17, 13:30:52:741] info: Unloading spellchecker
[07/06/17, 13:34:44:415] info: Restoring spellchecker
[07/06/17, 13:34:44:418] info: Loading dictionary for language en-US
[07/06/17, 13:34:44:419] info: Returning local copy: /home/senders/configs/dotfiles/config/Slack/dictionaries/en-US.bdic
[07/06/17, 13:34:44:423] info: Setting current spellchecker to en-US, requested language was en-US
[07/06/17, 13:34:44:424] info: Creating node-spellchecker instance
[07/06/17, 13:34:45:929] info: Unloading spellchecker
[07/06/17, 13:36:01:197] info: Restoring spellchecker
[07/06/17, 13:36:01:200] info: Loading dictionary for language en-US
[07/06/17, 13:36:01:202] info: Returning local copy: /home/senders/configs/dotfiles/config/Slack/dictionaries/en-US.bdic
[07/06/17, 13:36:01:206] info: Setting current spellchecker to en-US, requested language was en-US
[07/06/17, 13:36:01:207] info: Creating node-spellchecker instance
[07/06/17, 13:36:02:115] info: Unloading spellchecker
[07/06/17, 13:38:00:794] info: Restoring spellchecker
[07/06/17, 13:38:00:796] info: Loading dictionary for language en-US
[07/06/17, 13:38:00:799] info: Returning local copy: /home/senders/configs/dotfiles/config/Slack/dictionaries/en-US.bdic
[07/06/17, 13:38:00:806] info: Setting current spellchecker to en-US, requested language was en-US
[07/06/17, 13:38:00:807] info: Creating node-spellchecker instance
[07/06/17, 13:38:02:822] info: Store: SELECT_CHANNEL G5Z0QDP4Y
[07/06/17, 13:38:03:523] info: Loading dictionary for language en-US
[07/06/17, 13:38:03:524] info: Returning local copy: /home/senders/configs/dotfiles/config/Slack/dictionaries/en-US.bdic
[07/06/17, 13:38:03:525] info: Setting current spellchecker to en-US, requested language was en-US
[07/06/17, 13:38:06:199] info: Store: SELECT_CHANNEL C02JCSUN6
[07/06/17, 13:38:06:628] info: Loading dictionary for language en-US
[07/06/17, 13:38:06:630] info: Returning local copy: /home/senders/configs/dotfiles/config/Slack/dictionaries/en-US.bdic
[07/06/17, 13:38:06:673] info: Setting current spellchecker to en-US, requested language was en-US
[07/06/17, 13:38:09:045] info: Store: SELECT_CHANNEL C047H3XMT
[07/06/17, 13:38:09:499] info: Loading dictionary for language en-US
[07/06/17, 13:38:09:501] info: Returning local copy: /home/senders/configs/dotfiles/config/Slack/dictionaries/en-US.bdic
[07/06/17, 13:38:10:121] info: Setting current spellchecker to en-US, requested language was en-US
[07/06/17, 13:38:16:061] info: Store: SELECT_CHANNEL C06RGM5HU
[07/06/17, 13:38:17:038] info: Loading dictionary for language en-US
[07/06/17, 13:38:17:039] info: Returning local copy: /home/senders/configs/dotfiles/config/Slack/dictionaries/en-US.bdic
[07/06/17, 13:38:17:048] info: Setting current spellchecker to en-US, requested language was en-US
[07/06/17, 13:39:02:552] info: Store: SELECT_CHANNEL G5ZFV3CDR
[07/06/17, 13:39:03:453] info: Loading dictionary for language en-US
[07/06/17, 13:39:03:455] info: Returning local copy: /home/senders/configs/dotfiles/config/Slack/dictionaries/en-US.bdic
[07/06/17, 13:39:03:459] info: Setting current spellchecker to en-US, requested language was en-US
[07/06/17, 13:39:22:399] info: Unloading spellchecker
[07/06/17, 13:39:28:911] info: Restoring spellchecker
[07/06/17, 13:39:28:914] info: Loading dictionary for language en-US
[07/06/17, 13:39:28:916] info: Returning local copy: /home/senders/configs/dotfiles/config/Slack/dictionaries/en-US.bdic
[07/06/17, 13:39:28:924] info: Unloading spellchecker
[07/06/17, 13:39:28:927] info: Restoring spellchecker
[07/06/17, 13:39:28:932] info: Loading dictionary for language en-US
[07/06/17, 13:39:28:933] info: Returning local copy: /home/senders/configs/dotfiles/config/Slack/dictionaries/en-US.bdic
[07/06/17, 13:39:28:938] info: Setting current spellchecker to en-US, requested language was en-US
[07/06/17, 13:39:28:938] info: Creating node-spellchecker instance
[07/06/17, 13:39:28:940] info: Setting current spellchecker to en-US, requested language was en-US
[07/06/17, 13:39:29:266] info: Unloading spellchecker
[07/06/17, 13:40:00:379] info: Store: NEW_NOTIFICATION
{ id: 'oQjBHXh6lKX7B3N',
  title: '[REDACTED]',
  subtitle: '[REDACTED]',
  content: '[REDACTED]',
  launchUri: 'slack://channel?id=C2R0WEX6H&message=1499362800.955812&team=T024FA1UX',
  imageUri: null,
  channel: 'C2R0WEX6H',
  msg: '1499362800.955812',
  avatarImage: 'https://ca.slack-edge.com/T024FA1UX-U3NF0LXQR-191b3ab02dd6-512',
  ssbFilename: undefined,
  interactive: undefined,
  teamId: 'T024FA1UX' }
[07/06/17, 13:41:05:722] info: Restoring spellchecker
[07/06/17, 13:41:05:730] info: Loading dictionary for language en-US
[07/06/17, 13:41:05:732] info: Returning local copy: /home/senders/configs/dotfiles/config/Slack/dictionaries/en-US.bdic
[07/06/17, 13:41:05:748] info: Setting current spellchecker to en-US, requested language was en-US
[07/06/17, 13:41:05:751] info: Creating node-spellchecker instance
[07/06/17, 13:41:07:878] info: Store: SELECT_CHANNEL C03FPJYSQ
[07/06/17, 13:41:08:758] info: Loading dictionary for language en-US
[07/06/17, 13:41:08:760] info: Returning local copy: /home/senders/configs/dotfiles/config/Slack/dictionaries/en-US.bdic
[07/06/17, 13:41:08:768] info: Setting current spellchecker to en-US, requested language was en-US
[07/06/17, 13:41:12:431] info: Unloading spellchecker
[07/06/17, 13:42:49:634] info: Restoring spellchecker
[07/06/17, 13:42:49:639] info: Loading dictionary for language en-US
[07/06/17, 13:42:49:641] info: Returning local copy: /home/senders/configs/dotfiles/config/Slack/dictionaries/en-US.bdic
[07/06/17, 13:42:49:652] info: Setting current spellchecker to en-US, requested language was en-US
[07/06/17, 13:42:49:654] info: Creating node-spellchecker instance
[07/06/17, 13:42:56:401] info: Store: SELECT_CHANNEL C03J6G2VA
[07/06/17, 13:42:57:110] info: Loading dictionary for language en-US
[07/06/17, 13:42:57:111] info: Returning local copy: /home/senders/configs/dotfiles/config/Slack/dictionaries/en-US.bdic
[07/06/17, 13:42:57:116] info: Setting current spellchecker to en-US, requested language was en-US
[07/06/17, 13:42:59:481] info: Unloading spellchecker
[07/06/17, 13:44:21:503] info: Restoring spellchecker
[07/06/17, 13:44:21:504] info: Loading dictionary for language en-US
[07/06/17, 13:44:21:505] info: Returning local copy: /home/senders/configs/dotfiles/config/Slack/dictionaries/en-US.bdic
[07/06/17, 13:44:21:519] info: Setting current spellchecker to en-US, requested language was en-US
[07/06/17, 13:44:21:521] info: Creating node-spellchecker instance
[07/06/17, 13:44:21:879] info: Unloading spellchecker
[07/06/17, 13:45:13:709] info: Restoring spellchecker
[07/06/17, 13:45:13:711] info: Loading dictionary for language en-US
[07/06/17, 13:45:13:714] info: Returning local copy: /home/senders/configs/dotfiles/config/Slack/dictionaries/en-US.bdic
[07/06/17, 13:45:13:719] info: Setting current spellchecker to en-US, requested language was en-US
[07/06/17, 13:45:13:720] info: Creating node-spellchecker instance
[07/06/17, 13:45:14:008] info: Unloading spellchecker
[07/06/17, 13:46:57:126] info: Restoring spellchecker
[07/06/17, 13:46:57:130] info: Loading dictionary for language en-US
[07/06/17, 13:46:57:133] info: Returning local copy: /home/senders/configs/dotfiles/config/Slack/dictionaries/en-US.bdic
[07/06/17, 13:46:57:167] info: Setting current spellchecker to en-US, requested language was en-US
[07/06/17, 13:46:57:169] info: Creating node-spellchecker instance
[07/06/17, 13:46:59:033] info: Store: SELECT_CHANNEL C4USRB1FG
[07/06/17, 13:47:00:042] info: Loading dictionary for language en-US
[07/06/17, 13:47:00:044] info: Returning local copy: /home/senders/configs/dotfiles/config/Slack/dictionaries/en-US.bdic
[07/06/17, 13:47:00:051] info: Setting current spellchecker to en-US, requested language was en-US
[07/06/17, 13:47:00:483] info: Store: SELECT_CHANNEL C2R0WEX6H
[07/06/17, 13:47:00:820] info: Loading dictionary for language en-US
[07/06/17, 13:47:00:821] info: Returning local copy: /home/senders/configs/dotfiles/config/Slack/dictionaries/en-US.bdic
[07/06/17, 13:47:00:859] info: Setting current spellchecker to en-US, requested language was en-US
[07/06/17, 13:47:01:401] info: Store: SELECT_CHANNEL C5LF5APV1
[07/06/17, 13:47:01:691] info: Loading dictionary for language en-US
[07/06/17, 13:47:01:693] info: Returning local copy: /home/senders/configs/dotfiles/config/Slack/dictionaries/en-US.bdic
[07/06/17, 13:47:01:852] info: Setting current spellchecker to en-US, requested language was en-US
[07/06/17, 13:47:03:404] info: Store: SELECT_CHANNEL C06RGM5HU
[07/06/17, 13:47:03:851] info: Loading dictionary for language en-US
[07/06/17, 13:47:03:852] info: Returning local copy: /home/senders/configs/dotfiles/config/Slack/dictionaries/en-US.bdic
[07/06/17, 13:47:03:873] info: Store: SELECT_CHANNEL G5ZFV3CDR
[07/06/17, 13:47:04:285] info: Loading dictionary for language en-US
[07/06/17, 13:47:04:287] info: Returning local copy: /home/senders/configs/dotfiles/config/Slack/dictionaries/en-US.bdic
[07/06/17, 13:47:04:288] info: Setting current spellchecker to en-US, requested language was en-US
[07/06/17, 13:47:04:292] info: Setting current spellchecker to en-US, requested language was en-US
[07/06/17, 13:47:06:561] info: Store: SELECT_CHANNEL C2R0WEX6H
[07/06/17, 13:47:06:900] info: Loading dictionary for language en-US
[07/06/17, 13:47:06:902] info: Returning local copy: /home/senders/configs/dotfiles/config/Slack/dictionaries/en-US.bdic
[07/06/17, 13:47:06:906] info: Setting current spellchecker to en-US, requested language was en-US
[07/06/17, 13:47:33:597] info: Store: SELECT_CHANNEL G5ZFV3CDR
[07/06/17, 13:47:34:160] info: Loading dictionary for language en-US
[07/06/17, 13:47:34:161] info: Returning local copy: /home/senders/configs/dotfiles/config/Slack/dictionaries/en-US.bdic
[07/06/17, 13:47:34:162] info: Setting current spellchecker to en-US, requested language was en-US
[07/06/17, 13:48:14:026] info: Unloading spellchecker
[07/06/17, 13:48:19:217] info: Restoring spellchecker
[07/06/17, 13:48:19:220] info: Loading dictionary for language en-US
[07/06/17, 13:48:19:222] info: Returning local copy: /home/senders/configs/dotfiles/config/Slack/dictionaries/en-US.bdic
[07/06/17, 13:48:19:229] info: Setting current spellchecker to en-US, requested language was en-US
[07/06/17, 13:48:19:230] info: Creating node-spellchecker instance
[07/06/17, 13:48:57:723] info: Unloading spellchecker
[07/06/17, 13:49:00:154] info: Restoring spellchecker
[07/06/17, 13:49:00:157] info: Loading dictionary for language en-US
[07/06/17, 13:49:00:159] info: Returning local copy: /home/senders/configs/dotfiles/config/Slack/dictionaries/en-US.bdic
[07/06/17, 13:49:00:167] info: Setting current spellchecker to en-US, requested language was en-US
[07/06/17, 13:49:00:169] info: Creating node-spellchecker instance
[07/06/17, 13:49:00:440] info: Unloading spellchecker
[07/06/17, 13:54:07:477] info: Restoring spellchecker
[07/06/17, 13:54:07:485] info: Loading dictionary for language en-US
[07/06/17, 13:54:07:487] info: Returning local copy: /home/senders/configs/dotfiles/config/Slack/dictionaries/en-US.bdic
[07/06/17, 13:54:07:611] info: Setting current spellchecker to en-US, requested language was en-US
[07/06/17, 13:54:07:612] info: Creating node-spellchecker instance
[07/06/17, 13:54:08:177] info: Unloading spellchecker
[07/06/17, 13:54:10:004] info: Restoring spellchecker
[07/06/17, 13:54:10:008] info: Loading dictionary for language en-US
[07/06/17, 13:54:10:011] info: Returning local copy: /home/senders/configs/dotfiles/config/Slack/dictionaries/en-US.bdic
[07/06/17, 13:54:10:023] info: Setting current spellchecker to en-US, requested language was en-US
[07/06/17, 13:54:10:024] info: Creating node-spellchecker instance
[07/06/17, 13:54:11:551] info: Unloading spellchecker
[07/06/17, 14:12:09:566] info: Restoring spellchecker
[07/06/17, 14:12:09:569] info: Loading dictionary for language en-US
[07/06/17, 14:12:09:572] info: Returning local copy: /home/senders/configs/dotfiles/config/Slack/dictionaries/en-US.bdic
[07/06/17, 14:12:09:581] info: Setting current spellchecker to en-US, requested language was en-US
[07/06/17, 14:12:09:583] info: Creating node-spellchecker instance
[07/06/17, 14:12:09:892] info: Unloading spellchecker
[07/06/17, 14:15:57:230] info: Restoring spellchecker
[07/06/17, 14:15:57:242] info: Loading dictionary for language en-US
[07/06/17, 14:15:57:250] info: Returning local copy: /home/senders/configs/dotfiles/config/Slack/dictionaries/en-US.bdic
[07/06/17, 14:15:57:301] info: Setting current spellchecker to en-US, requested language was en-US
[07/06/17, 14:15:57:302] info: Creating node-spellchecker instance
[07/06/17, 14:15:58:133] info: Unloading spellchecker
[07/06/17, 14:19:14:983] info: Restoring spellchecker
[07/06/17, 14:19:14:987] info: Loading dictionary for language en-US
[07/06/17, 14:19:14:989] info: Returning local copy: /home/senders/configs/dotfiles/config/Slack/dictionaries/en-US.bdic
[07/06/17, 14:19:14:999] info: Setting current spellchecker to en-US, requested language was en-US
[07/06/17, 14:19:15:001] info: Creating node-spellchecker instance
[07/06/17, 14:19:15:600] info: Unloading spellchecker
[07/06/17, 14:19:16:180] info: Restoring spellchecker
[07/06/17, 14:19:16:189] info: Loading dictionary for language en-US
[07/06/17, 14:19:16:194] info: Returning local copy: /home/senders/configs/dotfiles/config/Slack/dictionaries/en-US.bdic
[07/06/17, 14:19:16:219] info: Setting current spellchecker to en-US, requested language was en-US
[07/06/17, 14:19:16:226] info: Creating node-spellchecker instance
[07/06/17, 14:19:20:290] info: Unloading spellchecker
[07/06/17, 14:19:21:308] info: Restoring spellchecker
[07/06/17, 14:19:21:311] info: Loading dictionary for language en-US
[07/06/17, 14:19:21:314] info: Returning local copy: /home/senders/configs/dotfiles/config/Slack/dictionaries/en-US.bdic
[07/06/17, 14:19:21:322] info: Setting current spellchecker to en-US, requested language was en-US
[07/06/17, 14:19:21:325] info: Creating node-spellchecker instance
[07/06/17, 14:19:21:981] info: Unloading spellchecker
[07/06/17, 14:20:49:756] info: Restoring spellchecker
[07/06/17, 14:20:49:759] info: Loading dictionary for language en-US
[07/06/17, 14:20:49:760] info: Returning local copy: /home/senders/configs/dotfiles/config/Slack/dictionaries/en-US.bdic
[07/06/17, 14:20:49:766] info: Setting current spellchecker to en-US, requested language was en-US
[07/06/17, 14:20:49:767] info: Creating node-spellchecker instance
[07/06/17, 14:20:50:021] info: Unloading spellchecker
[07/06/17, 14:21:31:691] info: Restoring spellchecker
[07/06/17, 14:21:31:695] info: Loading dictionary for language en-US
[07/06/17, 14:21:31:697] info: Returning local copy: /home/senders/configs/dotfiles/config/Slack/dictionaries/en-US.bdic
[07/06/17, 14:21:31:706] info: Setting current spellchecker to en-US, requested language was en-US
[07/06/17, 14:21:31:709] info: Creating node-spellchecker instance
[07/06/17, 14:21:36:971] info: Store: SELECT_CHANNEL C06RGM5HU
[07/06/17, 14:21:37:796] info: Loading dictionary for language en-US
[07/06/17, 14:21:37:797] info: Returning local copy: /home/senders/configs/dotfiles/config/Slack/dictionaries/en-US.bdic
[07/06/17, 14:21:37:801] info: Setting current spellchecker to en-US, requested language was en-US
[07/06/17, 14:21:42:141] info: Store: SELECT_CHANNEL C03FPJYSQ
[07/06/17, 14:21:42:449] info: Loading dictionary for language en-US
[07/06/17, 14:21:42:450] info: Returning local copy: /home/senders/configs/dotfiles/config/Slack/dictionaries/en-US.bdic
[07/06/17, 14:21:42:460] info: Setting current spellchecker to en-US, requested language was en-US
[07/06/17, 14:21:42:655] info: Store: SELECT_CHANNEL C03J6G2VA
[07/06/17, 14:21:42:928] info: Loading dictionary for language en-US
[07/06/17, 14:21:42:929] info: Returning local copy: /home/senders/configs/dotfiles/config/Slack/dictionaries/en-US.bdic
[07/06/17, 14:21:42:977] info: Setting current spellchecker to en-US, requested language was en-US
[07/06/17, 14:21:50:738] info: Unloading spellchecker
[07/06/17, 14:22:14:432] info: Restoring spellchecker
[07/06/17, 14:22:14:442] info: Loading dictionary for language en-US
[07/06/17, 14:22:14:445] info: Returning local copy: /home/senders/configs/dotfiles/config/Slack/dictionaries/en-US.bdic
[07/06/17, 14:22:14:463] info: Setting current spellchecker to en-US, requested language was en-US
[07/06/17, 14:22:14:464] info: Creating node-spellchecker instance
[07/06/17, 14:22:14:866] info: Unloading spellchecker
[07/06/17, 14:22:28:306] info: Restoring spellchecker
[07/06/17, 14:22:28:319] info: Loading dictionary for language en-US
[07/06/17, 14:22:28:327] info: Returning local copy: /home/senders/configs/dotfiles/config/Slack/dictionaries/en-US.bdic
[07/06/17, 14:22:28:343] info: Setting current spellchecker to en-US, requested language was en-US
[07/06/17, 14:22:28:345] info: Creating node-spellchecker instance
[07/06/17, 14:22:28:918] info: Unloading spellchecker
[07/06/17, 14:23:06:995] info: Restoring spellchecker
[07/06/17, 14:23:07:009] info: Loading dictionary for language en-US
[07/06/17, 14:23:07:014] info: Returning local copy: /home/senders/configs/dotfiles/config/Slack/dictionaries/en-US.bdic
[07/06/17, 14:23:07:026] info: Setting current spellchecker to en-US, requested language was en-US
[07/06/17, 14:23:07:029] info: Creating node-spellchecker instance
[07/06/17, 14:23:07:500] info: Unloading spellchecker
[07/06/17, 14:23:29:371] info: Restoring spellchecker
[07/06/17, 14:23:29:374] info: Loading dictionary for language en-US
[07/06/17, 14:23:29:376] info: Returning local copy: /home/senders/configs/dotfiles/config/Slack/dictionaries/en-US.bdic
[07/06/17, 14:23:29:386] info: Setting current spellchecker to en-US, requested language was en-US
[07/06/17, 14:23:29:388] info: Creating node-spellchecker instance
[07/06/17, 14:23:29:828] info: Unloading spellchecker
[07/06/17, 14:25:26:714] info: Restoring spellchecker
[07/06/17, 14:25:26:719] info: Loading dictionary for language en-US
[07/06/17, 14:25:26:721] info: Returning local copy: /home/senders/configs/dotfiles/config/Slack/dictionaries/en-US.bdic
[07/06/17, 14:25:26:727] info: Setting current spellchecker to en-US, requested language was en-US
[07/06/17, 14:25:26:729] info: Creating node-spellchecker instance
[07/06/17, 14:25:34:092] info: Store: SELECT_CHANNEL C029RP9TD
[07/06/17, 14:25:36:412] info: Loading dictionary for language en-US
[07/06/17, 14:25:36:412] info: Returning local copy: /home/senders/configs/dotfiles/config/Slack/dictionaries/en-US.bdic
[07/06/17, 14:25:36:414] info: Setting current spellchecker to en-US, requested language was en-US
[07/06/17, 14:26:22:698] info: Unloading spellchecker
[07/06/17, 14:27:42:749] info: Restoring spellchecker
[07/06/17, 14:27:42:751] info: Loading dictionary for language en-US
[07/06/17, 14:27:42:754] info: Returning local copy: /home/senders/configs/dotfiles/config/Slack/dictionaries/en-US.bdic
[07/06/17, 14:27:42:768] info: Setting current spellchecker to en-US, requested language was en-US
[07/06/17, 14:27:42:771] info: Creating node-spellchecker instance
[07/06/17, 14:27:47:337] info: Store: SELECT_CHANNEL G5ZFV3CDR
[07/06/17, 14:27:48:042] info: Loading dictionary for language en-US
[07/06/17, 14:27:48:043] info: Returning local copy: /home/senders/configs/dotfiles/config/Slack/dictionaries/en-US.bdic
[07/06/17, 14:27:48:045] info: Setting current spellchecker to en-US, requested language was en-US
[07/06/17, 14:28:03:666] info: Unloading spellchecker
[07/06/17, 14:28:22:158] info: Restoring spellchecker
[07/06/17, 14:28:22:164] info: Loading dictionary for language en-US
[07/06/17, 14:28:22:169] info: Returning local copy: /home/senders/configs/dotfiles/config/Slack/dictionaries/en-US.bdic
[07/06/17, 14:28:22:185] info: Setting current spellchecker to en-US, requested language was en-US
[07/06/17, 14:28:22:186] info: Creating node-spellchecker instance
[07/06/17, 14:33:38:681] info: Unloading spellchecker
[07/06/17, 14:34:01:724] info: Restoring spellchecker
[07/06/17, 14:34:01:732] info: Loading dictionary for language en-US
[07/06/17, 14:34:01:738] info: Returning local copy: /home/senders/configs/dotfiles/config/Slack/dictionaries/en-US.bdic
[07/06/17, 14:34:01:770] info: Setting current spellchecker to en-US, requested language was en-US
[07/06/17, 14:34:01:772] info: Creating node-spellchecker instance
[07/06/17, 14:34:02:101] info: Unloading spellchecker
[07/06/17, 14:34:19:676] info: Restoring spellchecker
[07/06/17, 14:34:19:679] info: Loading dictionary for language en-US
[07/06/17, 14:34:19:681] info: Returning local copy: /home/senders/configs/dotfiles/config/Slack/dictionaries/en-US.bdic
[07/06/17, 14:34:19:742] info: Setting current spellchecker to en-US, requested language was en-US
[07/06/17, 14:34:19:744] info: Creating node-spellchecker instance
[07/06/17, 14:34:27:992] info: Unloading spellchecker
[07/06/17, 14:35:04:228] info: Store: NEW_NOTIFICATION
{ id: 'zK78HGiK5m5gwAz',
  title: '[REDACTED]',
  subtitle: '[REDACTED]',
  content: '[REDACTED]',
  launchUri: 'slack://channel?id=C2R0WEX6H&message=1499366103.881352&team=T024FA1UX',
  imageUri: null,
  channel: 'C2R0WEX6H',
  msg: '1499366103.881352',
  avatarImage: 'https://ca.slack-edge.com/T024FA1UX-U3NF0LXQR-191b3ab02dd6-512',
  ssbFilename: undefined,
  interactive: undefined,
  teamId: 'T024FA1UX' }
[07/06/17, 14:35:46:012] info: Store: NEW_NOTIFICATION
{ id: 'RoPyunsOJKJP62V',
  title: '[REDACTED]',
  subtitle: '[REDACTED]',
  content: '[REDACTED]',
  launchUri: 'slack://channel?id=C2R0WEX6H&message=1499366145.906237&team=T024FA1UX',
  imageUri: null,
  channel: 'C2R0WEX6H',
  msg: '1499366145.906237',
  avatarImage: 'https://ca.slack-edge.com/T024FA1UX-U3NF0LXQR-191b3ab02dd6-512',
  ssbFilename: undefined,
  interactive: undefined,
  teamId: 'T024FA1UX' }
[07/06/17, 14:37:14:576] info: Restoring spellchecker
[07/06/17, 14:37:14:598] info: Loading dictionary for language en-US
[07/06/17, 14:37:14:609] info: Returning local copy: /home/senders/configs/dotfiles/config/Slack/dictionaries/en-US.bdic
[07/06/17, 14:37:14:620] info: Setting current spellchecker to en-US, requested language was en-US
[07/06/17, 14:37:14:621] info: Creating node-spellchecker instance
[07/06/17, 14:37:24:122] info: Unloading spellchecker
