[07/06/17, 13:27:51:655] info: ╔═════════════════════════════════════════════════════════════════════════════╗
[07/06/17, 13:27:51:657] info: ║      Slack 2.6.3, linux 4.9.0-3-amd64 on x64 at 07/06/17, 13:27:51:647      ║
[07/06/17, 13:27:51:657] info: ╚═════════════════════════════════════════════════════════════════════════════╝
[07/06/17, 13:27:57:255] info: Window is unloading, winssb is no longer accessible
[07/06/17, 13:27:57:352] info: Window is unloading, winssb is no longer accessible
[07/06/17, 13:27:57:842] info: ╔═════════════════════════════════════════════════════════════════════════════╗
[07/06/17, 13:27:57:844] info: ║      Slack 2.6.3, linux 4.9.0-3-amd64 on x64 at 07/06/17, 13:27:57:835      ║
[07/06/17, 13:27:57:845] info: ╚═════════════════════════════════════════════════════════════════════════════╝
[07/06/17, 13:27:59:097] info: Window is unloading, winssb is no longer accessible
[07/06/17, 13:27:59:764] info: ╔═════════════════════════════════════════════════════════════════════════════╗
[07/06/17, 13:27:59:766] info: ║      Slack 2.6.3, linux 4.9.0-3-amd64 on x64 at 07/06/17, 13:27:59:757      ║
[07/06/17, 13:27:59:766] info: ╚═════════════════════════════════════════════════════════════════════════════╝
[07/06/17, 13:28:31:138] info: Window is unloading, winssb is no longer accessible
[07/06/17, 13:28:31:602] info: ╔═════════════════════════════════════════════════════════════════════════════╗
[07/06/17, 13:28:31:604] info: ║      Slack 2.6.3, linux 4.9.0-3-amd64 on x64 at 07/06/17, 13:28:31:595      ║
[07/06/17, 13:28:31:605] info: ╚═════════════════════════════════════════════════════════════════════════════╝
[07/06/17, 13:28:32:545] info: ╔═════════════════════════════════════════════════════════════════════════════╗
[07/06/17, 13:28:32:546] info: ║      Slack 2.6.3, linux 4.9.0-3-amd64 on x64 at 07/06/17, 13:28:32:537      ║
[07/06/17, 13:28:32:547] info: ╚═════════════════════════════════════════════════════════════════════════════╝
[07/06/17, 13:28:32:822] info: Store: ADD_NEW_TEAM
{ id: 'U2WGHQMJB',
  name: '[REDACTED]',
  team_id: 'T024FA1UX',
  team_name: '[REDACTED]',
  team_url: '[REDACTED]' }
[07/06/17, 13:28:32:826] info: Store: SET_LOGIN_DIALOG
